
Request ID: 03d8c439-466b-4281-93c8-895220ade711
Method: GET 
Requested URL: /post/feed 

Request ID: 6013088e-c77a-49da-af25-97eb5dd3d2db
Method: GET 
Requested URL: /post/feed 

Request ID: 2356e473-6fcc-40b8-b70f-7f8f0361f911
Method: GET 
Requested URL: /post/feed 

Request ID: 626f97cc-c19e-4efe-912b-2f2a1504f94e
Method: GET 
Requested URL: /post/feed 

Request ID: 89d88cd5-62f9-4477-a1e8-21499979c217
Method: GET 
Requested URL: /post/read/diverse_4th_generation_installation 

Request ID: 1470bd00-2223-415d-832c-514a66d6495c
Method: POST 
Requested URL: /post/add 
Request Body: {"title":"nsssi22cxxxe","summary":"littl22e summary fuck","body":"dog says to cat: fuck!","community":"user-centric_didactic_collaboration"}

Request ID: 21250eab-594f-482a-89c0-e5e8984643c2
Method: GET 
Requested URL: /post/read/nsssi22cxxxe 

Request ID: fa713c80-bd86-43dd-a667-1a8ef77896e8
Method: GET 
Requested URL: /user/list 

Request ID: 5dd8bf65-0ab0-40b0-af0e-ee24d42a498f
Method: POST 
Requested URL: /post/add 
Request Body: {"title":"nsssi22cxxxe","summary":"littl22e summary fuck","body":"dog says to cat: fuck!","community":"user-centric_didactic_collaboration"}

Request ID: 50a41fc2-3d08-47d1-b614-6b321d97b7c5
Method: POST 
Requested URL: /post/add 
Request Body: {"title":"nsssi22cxxxe","summary":"littl22e summary fuck","body":"dog says to cat: fuck!","community":"user-centric_didactic_collaboration"}

Request ID: fab0b7ec-82d3-4008-91ea-feefcf8da0b8
Method: POST 
Requested URL: /post/add 
Request Body: {"title":"nsssi22cxxxssse","summary":"littl22e summsasary fuck","body":"dog says to cat: fuasack! taste","community":"user-centric_didaasactic_collaboration"}

Request ID: 070c20f3-4d4a-46eb-8101-a8cfb04edada
Method: POST 
Requested URL: /post/add 
Request Body: {"title":"nsssi22cxxxssse","summary":"littl22e summsasary fuck","body":"dog says to cat: fuck! taste","community":"user-centric_didactic_collaboration"}
